<?xml version="1.0" encoding="UTF-8"?>
<!-- Generated by org.testng.reporters.JUnitReportReporter -->
<testsuite hostname="Alpha-3HLS322" failures="0" tests="2" name="TestCases.TC_SearchGoogle" time="6.639" errors="0" timestamp="2021-03-24T19:15:24 EDT" skipped="0">
  <testcase classname="TestCases.TC_SearchGoogle" name="googleSearch" time="3.401"/>
  <system-out/>
  <testcase classname="TestCases.TC_SearchGoogle" name="googleSearch" time="3.238"/>
  <system-out/>
</testsuite> <!-- TestCases.TC_SearchGoogle -->
