<?xml version="1.0" encoding="UTF-8"?>
<!-- Generated by org.testng.reporters.JUnitReportReporter -->
<testsuite hostname="Alpha-3HLS322" failures="0" tests="4" name="TestCases.Login_TC1" time="1.709" errors="0" timestamp="2021-03-17T16:24:24 EDT" skipped="0">
  <testcase classname="TestCases.Login_TC1" name="GotoHomePage" time="0.345"/>
  <system-out/>
  <testcase classname="TestCases.Login_TC1" name="Loginto" time="0.383"/>
  <system-out/>
  <testcase classname="TestCases.Login_TC1" name="Search" time="0.682"/>
  <system-out/>
  <testcase classname="TestCases.Login_TC1" name="Logout" time="0.299"/>
  <system-out/>
</testsuite> <!-- TestCases.Login_TC1 -->
