<?xml version="1.0" encoding="UTF-8"?>
<!-- Generated by org.testng.reporters.JUnitReportReporter -->
<testsuite hostname="Alpha-3HLS322" failures="0" tests="2" name="TestCases.Calculate" time="0.009" errors="0" timestamp="2021-03-18T16:25:46 EDT" skipped="0">
  <testcase classname="TestCases.Calculate" name="Diff" time="0.008"/>
  <system-out/>
  <testcase classname="TestCases.Calculate" name="Sum" time="0.001"/>
  <system-out/>
</testsuite> <!-- TestCases.Calculate -->
