<?xml version="1.0" encoding="UTF-8"?>
<!-- Generated by org.testng.reporters.JUnitReportReporter -->
<testsuite hostname="Alpha-3HLS322" failures="0" tests="4" name="TestCases.TC_negativeLogin" time="1.310" errors="0" timestamp="2021-04-05T15:28:00 EDT" skipped="0">
  <testcase classname="TestCases.TC_negativeLogin" name="FailtoLogin" time="0.308"/>
  <system-out/>
  <testcase classname="TestCases.TC_negativeLogin" name="FailtoLogin" time="0.322"/>
  <system-out/>
  <testcase classname="TestCases.TC_negativeLogin" name="FailtoLogin" time="0.314"/>
  <system-out/>
  <testcase classname="TestCases.TC_negativeLogin" name="FailtoLogin" time="0.366"/>
  <system-out/>
</testsuite> <!-- TestCases.TC_negativeLogin -->
