<?xml version="1.0" encoding="UTF-8"?>
<!-- Generated by org.testng.reporters.JUnitReportReporter -->
<testsuite hostname="Alpha-3HLS322" failures="0" tests="3" name="TestCases.TC_dp_searchGoogle" time="29.323" errors="0" timestamp="2021-03-18T21:12:13 EDT" skipped="0">
  <testcase classname="TestCases.TC_dp_searchGoogle" name="googleSearch" time="9.247"/>
  <system-out/>
  <testcase classname="TestCases.TC_dp_searchGoogle" name="googleSearch" time="9.161"/>
  <system-out/>
  <testcase classname="TestCases.TC_dp_searchGoogle" name="googleSearch" time="10.915"/>
  <system-out/>
</testsuite> <!-- TestCases.TC_dp_searchGoogle -->
