<?xml version="1.0" encoding="UTF-8"?>
<!-- Generated by org.testng.reporters.JUnitReportReporter -->
<testsuite hostname="Alpha-3HLS322" failures="0" tests="1" name="TestCases.TC_RegisterStudent" time="3.724" errors="0" timestamp="2021-03-18T14:17:24 EDT" skipped="0">
  <testcase classname="TestCases.TC_RegisterStudent" name="RegisterNew" time="3.724"/>
  <system-out/>
</testsuite> <!-- TestCases.TC_RegisterStudent -->
