<?xml version="1.0" encoding="UTF-8"?>
<!-- Generated by org.testng.reporters.JUnitReportReporter -->
<testsuite hostname="Alpha-3HLS322" failures="0" tests="1" name="TestCases.Multiply" time="0.009" errors="0" timestamp="2021-04-05T15:25:34 EDT" skipped="0">
  <testcase classname="TestCases.Multiply" name="mul" time="0.009"/>
  <system-out/>
</testsuite> <!-- TestCases.Multiply -->
