<?xml version="1.0" encoding="UTF-8"?>
<!-- Generated by org.testng.reporters.JUnitReportReporter -->
<testsuite hostname="Alpha-3HLS322" failures="0" tests="2" name="TestCases.Sum_Minus" time="0.009" errors="0" timestamp="2021-04-05T14:45:38 EDT" skipped="0">
  <testcase classname="TestCases.Sum_Minus" name="Sum" time="0.002"/>
  <system-out/>
  <testcase classname="TestCases.Sum_Minus" name="Diff" time="0.007"/>
  <system-out/>
</testsuite> <!-- TestCases.Sum_Minus -->
