<?xml version="1.0" encoding="UTF-8"?>
<!-- Generated by org.testng.reporters.JUnitReportReporter -->
<testsuite hostname="Alpha-3HLS322" failures="0" tests="2" name="TestCases.TC_dataprovider" time="0.007" errors="0" timestamp="2021-03-18T20:56:47 EDT" skipped="0">
  <testcase classname="TestCases.TC_dataprovider" name="myTest" time="0.006"/>
  <system-out/>
  <testcase classname="TestCases.TC_dataprovider" name="myTest" time="0.001"/>
  <system-out/>
</testsuite> <!-- TestCases.TC_dataprovider -->
