<?xml version="1.0" encoding="UTF-8"?>
<!-- Generated by org.testng.reporters.JUnitReportReporter -->
<testsuite hostname="Alpha-3HLS322" failures="0" tests="1" name="TestCases.FizzBuzz" time="0.012" errors="0" timestamp="2021-04-05T15:25:15 EDT" skipped="0">
  <testcase classname="TestCases.FizzBuzz" name="fizzbuzz" time="0.012"/>
  <system-out/>
</testsuite> <!-- TestCases.FizzBuzz -->
