<?xml version="1.0" encoding="UTF-8"?>
<!-- Generated by org.testng.reporters.JUnitReportReporter -->
<testsuite hostname="Alpha-3HLS322" failures="0" tests="1" name="TestCases.sum" time="0.008" errors="0" timestamp="2021-03-18T16:07:13 EDT" skipped="0">
  <testcase classname="TestCases.sum" name="Sum" time="0.008"/>
  <system-out/>
</testsuite> <!-- TestCases.sum -->
