<?xml version="1.0" encoding="UTF-8"?>
<!-- Generated by org.testng.reporters.JUnitReportReporter -->
<testsuite hostname="Alpha-3HLS322" failures="0" tests="1" name="TestCases.RegisterStudentTest" time="3.402" errors="0" timestamp="2021-03-18T14:00:25 EDT" skipped="0">
  <testcase classname="TestCases.RegisterStudentTest" name="RegisterNew" time="3.402"/>
  <system-out/>
</testsuite> <!-- TestCases.RegisterStudentTest -->
