<?xml version="1.0" encoding="UTF-8"?>
<!-- Generated by org.testng.reporters.JUnitReportReporter -->
<testsuite hostname="Alpha-3HLS322" failures="0" tests="1" name="ecommerceLive.TestNGFile" time="7.677" errors="0" timestamp="2021-03-03T15:06:39 EST" skipped="0">
  <testcase classname="ecommerceLive.TestNGFile" name="verifyHomepageTitle" time="7.677"/>
  <system-out/>
</testsuite> <!-- ecommerceLive.TestNGFile -->
