<?xml version="1.0" encoding="UTF-8"?>
<!-- Generated by org.testng.reporters.JUnitReportReporter -->
<testsuite hostname="Alpha-3HLS322" failures="0" tests="1" name="ecommerceLive.SortbyName" time="4.512" errors="0" timestamp="26 Feb 2021 20:56:14 GMT" skipped="0">
  <testcase classname="ecommerceLive.SortbyName" name="sortbyname" time="4.512"/>
</testsuite> <!-- ecommerceLive.SortbyName -->
