<?xml version="1.0" encoding="UTF-8"?>
<!-- Generated by org.testng.reporters.JUnitReportReporter -->
<testsuite hostname="Alpha-3HLS322" failures="0" tests="1" name="ecommerceLive.EcommerceTest" time="4.846" errors="0" timestamp="2021-03-09T16:18:48 EST" skipped="0">
  <testcase classname="ecommerceLive.EcommerceTest" name="addtocart" time="4.846"/>
  <system-out/>
</testsuite> <!-- ecommerceLive.EcommerceTest -->
