<?xml version="1.0" encoding="UTF-8"?>
<!-- Generated by org.testng.reporters.JUnitReportReporter -->
<testsuite hostname="Alpha-3HLS322" failures="0" tests="1" name="example.NewTest" time="0.005" errors="0" timestamp="2021-03-05T14:43:07 EST" skipped="0">
  <testcase classname="example.NewTest" name="f" time="0.005"/>
  <system-out/>
</testsuite> <!-- example.NewTest -->
