<?xml version="1.0" encoding="UTF-8"?>
<!-- Generated by org.testng.reporters.JUnitReportReporter -->
<testsuite skipped="0" hostname="Alpha-3HLS322" name="LearnSelenium.NewTest" tests="1" failures="0" timestamp="2021-04-21T15:28:34 EDT" time="3.530" errors="0">
  <testcase name="f" time="3.530" classname="LearnSelenium.NewTest"/>
  <system-out/>
</testsuite> <!-- LearnSelenium.NewTest -->
