<?xml version="1.0" encoding="UTF-8"?>
<!-- Generated by org.testng.reporters.JUnitReportReporter -->
<testsuite hostname="Alpha-3HLS322" failures="0" tests="3" name="LearnSelenium.LearnTestNG" time="1.021" errors="0" timestamp="2021-03-16T20:58:56 EDT" skipped="0">
  <testcase classname="LearnSelenium.LearnTestNG" name="start_Homepage" time="0.026"/>
  <system-out/>
  <testcase classname="LearnSelenium.LearnTestNG" name="check_Title" time="0.006"/>
  <system-out/>
  <testcase classname="LearnSelenium.LearnTestNG" name="click_Elements" time="0.989"/>
  <system-out/>
</testsuite> <!-- LearnSelenium.LearnTestNG -->
