<?xml version="1.0" encoding="UTF-8"?>
<!-- Generated by org.testng.reporters.JUnitReportReporter -->
<testsuite hostname="Alpha-3HLS322" failures="0" tests="1" name="LearningMaven.Learn" time="1.488" errors="0" timestamp="16 Mar 2021 23:59:15 GMT" skipped="0">
  <testcase classname="LearningMaven.Learn" name="testEasy" time="1.488"/>
</testsuite> <!-- LearningMaven.Learn -->
