<?xml version="1.0" encoding="UTF-8"?>
<!-- Generated by org.testng.reporters.JUnitReportReporter -->
<testsuite skipped="0" hostname="Alpha-3HLS322" name="tests.AddToCart" tests="1" failures="0" timestamp="2021-04-22T20:03:42 EDT" time="8.587" errors="0">
  <testcase name="addTocart" time="8.587" classname="tests.AddToCart"/>
  <system-out/>
</testsuite> <!-- tests.AddToCart -->
