<?xml version="1.0" encoding="UTF-8"?>
<!-- Generated by org.testng.reporters.JUnitReportReporter -->
<testsuite skipped="0" hostname="Alpha-3HLS322" name="tests.RightClickOpen" tests="1" failures="0" timestamp="2021-04-22T19:17:54 EDT" time="7.917" errors="0">
  <testcase name="rightClickOpen" time="7.917" classname="tests.RightClickOpen"/>
  <system-out/>
</testsuite> <!-- tests.RightClickOpen -->
